

Processing ApplicationController#index (for 127.0.0.1 at 2011-01-06 10:53:05) [GET]

ActionController::RoutingError (No route matches "/hel" with {:method=>:get}):
  

Rendering rescues/layout (not_found)


Processing ApplicationController#index (for 127.0.0.1 at 2011-01-06 11:03:05) [GET]

ActionController::RoutingError (No route matches "/controller/action" with {:method=>:get}):
  

Rendering rescues/layout (not_found)


Processing ApplicationController#index (for 127.0.0.1 at 2011-01-06 11:03:22) [GET]

ActionController::RoutingError (No route matches "/controller/action" with {:method=>:get}):
  

Rendering rescues/layout (not_found)


Processing PagesController#home (for 127.0.0.1 at 2011-01-06 11:04:26) [GET]
Rendering pages/home
Completed in 8ms (View: 6, DB: 0) | 200 OK [http://localhost/pages/home]


Processing ApplicationController#index (for 127.0.0.1 at 2011-01-06 11:04:53) [GET]

ActionController::RoutingError (No route matches "/home" with {:method=>:get}):
  

Rendering rescues/layout (not_found)


Processing PagesController#conta (for 127.0.0.1 at 2011-01-06 11:05:02) [GET]

ActionController::UnknownAction (No action responded to conta. Actions: contact and home):
  

Rendering rescues/layout (not_found)


Processing PagesController#contact (for 127.0.0.1 at 2011-01-06 11:05:07) [GET]
Rendering pages/contact
Completed in 7ms (View: 5, DB: 0) | 200 OK [http://localhost/pages/contact]


Processing PagesController#about (for 127.0.0.1 at 2011-01-06 13:12:22) [GET]
Rendering pages/about
Completed in 10ms (View: 8, DB: 0) | 200 OK [http://localhost/pages/about]


Processing PagesController#about (for 127.0.0.1 at 2011-01-06 13:19:49) [GET]
Rendering pages/about
Completed in 3ms (View: 1, DB: 0) | 200 OK [http://localhost/pages/about]


Processing PagesController#about (for 127.0.0.1 at 2011-01-06 13:26:55) [GET]
Rendering pages/about
Completed in 8ms (View: 6, DB: 0) | 200 OK [http://localhost/pages/about]


Processing PagesController#home (for 127.0.0.1 at 2011-01-06 13:40:41) [GET]
Rendering pages/home
Completed in 7ms (View: 5, DB: 0) | 200 OK [http://localhost/pages/home]


Processing PagesController#home (for 127.0.0.1 at 2011-01-06 13:41:19) [GET]
Rendering pages/home
Completed in 2ms (View: 1, DB: 0) | 200 OK [http://localhost/pages/home]


Processing PagesController#home (for 127.0.0.1 at 2011-01-06 13:52:17) [GET]
Rendering pages/home
Completed in 9ms (View: 7, DB: 0) | 200 OK [http://localhost/pages/home]


Processing PagesController#about (for 127.0.0.1 at 2011-01-06 13:52:53) [GET]
Rendering pages/about
Completed in 6ms (View: 5, DB: 0) | 200 OK [http://localhost/pages/about]


Processing PagesController#home (for 127.0.0.1 at 2011-01-06 13:53:01) [GET]
Rendering pages/home
Completed in 2ms (View: 1, DB: 0) | 200 OK [http://localhost/pages/home]


Processing PagesController#home (for 127.0.0.1 at 2011-01-06 13:53:36) [GET]
Rendering pages/home
Completed in 8ms (View: 6, DB: 0) | 200 OK [http://localhost/pages/home]


Processing PagesController#home (for 127.0.0.1 at 2011-01-06 14:12:27) [GET]
Rendering template within layouts/application
Rendering pages/home
Completed in 12ms (View: 11, DB: 0) | 200 OK [http://localhost/pages/home]


Processing PagesController#home (for 127.0.0.1 at 2011-01-06 14:12:30) [GET]
Rendering template within layouts/application
Rendering pages/home
Completed in 3ms (View: 1, DB: 0) | 200 OK [http://localhost/pages/home]


Processing ApplicationController#index (for 127.0.0.1 at 2011-01-06 14:18:14) [GET]

ActionController::RoutingError (No route matches "/images/tipsy.gif" with {:method=>:get}):
  

Rendering rescues/layout (not_found)


Processing PagesController#about (for 127.0.0.1 at 2011-01-06 15:17:02) [GET]
Rendering template within layouts/application
Rendering pages/about
Completed in 14ms (View: 12, DB: 0) | 200 OK [http://localhost/pages/about]


Processing PagesController#home (for 127.0.0.1 at 2011-01-06 15:20:29) [GET]
Rendering template within layouts/application
Rendering pages/home
Completed in 6ms (View: 5, DB: 0) | 200 OK [http://localhost/pages/home]


Processing PagesController#users (for 127.0.0.1 at 2011-01-06 15:20:35) [GET]

ActionController::UnknownAction (No action responded to users. Actions: about, contact, and home):
  

Rendering rescues/layout (not_found)


Processing PagesController#contact (for 127.0.0.1 at 2011-01-06 15:20:39) [GET]
Rendering template within layouts/application
Rendering pages/contact
Completed in 7ms (View: 5, DB: 0) | 200 OK [http://localhost/pages/contact]


Processing PagesController#about (for 127.0.0.1 at 2011-01-06 15:20:44) [GET]
Rendering template within layouts/application
Rendering pages/about
Completed in 7ms (View: 5, DB: 0) | 200 OK [http://localhost/pages/about]


Processing PagesController#about (for 127.0.0.1 at 2011-01-06 15:21:28) [GET]
Rendering template within layouts/application
Rendering pages/about
Completed in 3ms (View: 1, DB: 0) | 200 OK [http://localhost/pages/about]
